#
# There is insufficient memory for the Java Runtime Environment to continue.
# Native memory allocation (mmap) failed to map 67108864 bytes for committing reserved memory.
# Possible reasons:
#   The system is out of physical RAM or swap space
#   In 32 bit mode, the process size limit was hit
# Possible solutions:
#   Reduce memory load on the system
#   Increase physical memory or swap space
#   Check if swap backing store is full
#   Use 64 bit Java on a 64 bit OS
#   Decrease Java heap size (-Xmx/-Xms)
#   Decrease number of Java threads
#   Decrease Java thread stack sizes (-Xss)
#   Set larger code cache with -XX:ReservedCodeCacheSize=
# This output file may be truncated or incomplete.
#
#  Out of Memory Error (os_linux.cpp:2690), pid=12045, tid=140338275485440
#
# JRE version: Java(TM) SE Runtime Environment (8.0-b108) (build 1.8.0-ea-b108)
# Java VM: Java HotSpot(TM) 64-Bit Server VM (25.0-b50 mixed mode linux-amd64 compressed oops)
# Failed to write core dump. Core dumps have been disabled. To enable core dumping, try "ulimit -c unlimited" before starting Java again
#

---------------  T H R E A D  ---------------

Current thread (0x00007fa324075000):  VMThread [stack: 0x00007fa30cff0000,0x00007fa30d0f1000] [id=12055]

Stack: [0x00007fa30cff0000,0x00007fa30d0f1000],  sp=0x00007fa30d0ef2b0,  free space=1020k
Native frames: (J=compiled Java code, j=interpreted, Vv=VM code, C=native code)
V  [libjvm.so+0xa0751a]  VMError::report_and_die()+0x2ca
V  [libjvm.so+0x49a9bb]  report_vm_out_of_memory(char const*, int, unsigned long, VMErrorType, char const*)+0x8b
V  [libjvm.so+0x879203]  os::Linux::commit_memory_impl(char*, unsigned long, bool)+0x103
V  [libjvm.so+0x879759]  os::pd_commit_memory(char*, unsigned long, unsigned long, bool)+0x29
V  [libjvm.so+0x87345a]  os::commit_memory(char*, unsigned long, unsigned long, bool)+0x2a
V  [libjvm.so+0x8e3963]  PSVirtualSpace::expand_by(unsigned long)+0x53
V  [libjvm.so+0x8e4d28]  PSYoungGen::resize_generation(unsigned long, unsigned long)+0xf8
V  [libjvm.so+0x8e3ea2]  PSYoungGen::resize(unsigned long, unsigned long)+0x22
V  [libjvm.so+0x8e1257]  PSScavenge::invoke_no_policy()+0xed7
V  [libjvm.so+0x8e1991]  PSScavenge::invoke()+0x41
V  [libjvm.so+0x89ac20]  ParallelScavengeHeap::failed_mem_allocate(unsigned long)+0x70
V  [libjvm.so+0xa08bc7]  VM_ParallelGCFailedAllocation::doit()+0x97
V  [libjvm.so+0xa0ffc5]  VM_Operation::evaluate()+0x55
V  [libjvm.so+0xa0e3aa]  VMThread::evaluate_operation(VM_Operation*)+0xba
V  [libjvm.so+0xa0e72e]  VMThread::loop()+0x1ce
V  [libjvm.so+0xa0eba0]  VMThread::run()+0x70
V  [libjvm.so+0x87b498]  java_start(Thread*)+0x108

VM_Operation (0x00007fa32b6da1a0): ParallelGCFailedAllocation, mode: safepoint, requested by thread 0x00007fa32400b000


---------------  P R O C E S S  ---------------

Java Threads: ( => current thread )
  0x00007fa3240d5000 JavaThread "Service Thread" daemon [_thread_blocked, id=12062, stack(0x00007fa30c08b000,0x00007fa30c18c000)]
  0x00007fa3240a3000 JavaThread "C1 CompilerThread2" daemon [_thread_blocked, id=12061, stack(0x00007fa30c18c000,0x00007fa30c28d000)]
  0x00007fa3240a1800 JavaThread "C2 CompilerThread1" daemon [_thread_blocked, id=12060, stack(0x00007fa30c28d000,0x00007fa30c38e000)]
  0x00007fa32409e800 JavaThread "C2 CompilerThread0" daemon [_thread_blocked, id=12059, stack(0x00007fa30c38e000,0x00007fa30c48f000)]
  0x00007fa324096000 JavaThread "Signal Dispatcher" daemon [_thread_blocked, id=12058, stack(0x00007fa30c48f000,0x00007fa30c590000)]
  0x00007fa32407b000 JavaThread "Finalizer" daemon [_thread_blocked, id=12057, stack(0x00007fa30cdee000,0x00007fa30ceef000)]
  0x00007fa324079000 JavaThread "Reference Handler" daemon [_thread_blocked, id=12056, stack(0x00007fa30ceef000,0x00007fa30cff0000)]
  0x00007fa32400b000 JavaThread "main" [_thread_blocked, id=12050, stack(0x00007fa32b5db000,0x00007fa32b6dc000)]

Other Threads:
=>0x00007fa324075000 VMThread [stack: 0x00007fa30cff0000,0x00007fa30d0f1000] [id=12055]
  0x00007fa3240d7000 WatcherThread [stack: 0x00007fa2dfeff000,0x00007fa2e0000000] [id=12063]

VM state:at safepoint (normal execution)

VM Mutex/Monitor currently owned by a thread:  ([mutex/lock_event])
[0x00007fa3240071b0] Threads_lock - owner thread: 0x00007fa324075000
[0x00007fa3240076b0] Heap_lock - owner thread: 0x00007fa32400b000

Heap:
 PSYoungGen      total 70656K, used 5089K [0x00000000eaa00000, 0x00000000ef400000, 0x0000000100000000)
  eden space 65536K, 0% used [0x00000000eaa00000,0x00000000eaa00000,0x00000000eea00000)
  from space 5120K, 99% used [0x00000000eea00000,0x00000000eeef87d8,0x00000000eef00000)
  to   space 5120K, 0% used [0x00000000eef00000,0x00000000eef00000,0x00000000ef400000)
 ParOldGen       total 83968K, used 26251K [0x00000000c0000000, 0x00000000c5200000, 0x00000000eaa00000)
  object space 83968K, 31% used [0x00000000c0000000,0x00000000c19a2e08,0x00000000c5200000)
 Metaspace total 8070K, used 7909K, reserved 132096K
  data space     7249K, used 7138K, reserved 1024K
  class space    821K, used 770K, reserved 131072K

Card table byte_map: [0x00007fa328297000,0x00007fa328498000] byte_map_base: 0x00007fa327c97000

Marking Bits: (ParMarkBitMap*) 0x00007fa32aab8ca0
 Begin Bits: [0x00007fa30e000000, 0x00007fa30f000000)
 End Bits:   [0x00007fa30f000000, 0x00007fa310000000)

Polling page: 0x00007fa32b701000

CodeCache: size=245760Kb used=7420Kb max_used=7420Kb free=238340Kb
 bounds [0x00007fa315000000, 0x00007fa315750000, 0x00007fa324000000]
 total_blobs=2430 nmethods=2135 adapters=211
 compilation: enabled

Compilation events (10 events):
Event: 5.802 Thread 0x00007fa3240a1800 2386       4       com.android.dx.io.instructions.InstructionCodec$13::decode (43 bytes)
Event: 5.805 Thread 0x00007fa3240a1800 nmethod 2386 0x00007fa31573a8d0 code [0x00007fa31573aa40, 0x00007fa31573ac78]
Event: 5.805 Thread 0x00007fa3240a1800 2402       4       com.android.dx.io.instructions.InstructionCodec$4::decode (41 bytes)
Event: 5.806 Thread 0x00007fa3240a1800 nmethod 2402 0x00007fa31573a590 code [0x00007fa31573a6e0, 0x00007fa31573a818]
Event: 5.806 Thread 0x00007fa3240a1800 2387       4       com.android.dx.io.instructions.InstructionCodec$13::encode (22 bytes)
Event: 5.807 Thread 0x00007fa3240a3000 2407       3       com.android.dx.io.instructions.InstructionCodec$32::decode (74 bytes)
Event: 5.809 Thread 0x00007fa3240a1800 nmethod 2387 0x00007fa315739fd0 code [0x00007fa31573a140, 0x00007fa31573a318]
Event: 5.809 Thread 0x00007fa3240a1800 2406       4       com.android.dex.Dex$Section::readFields (51 bytes)
Event: 5.809 Thread 0x00007fa3240a3000 nmethod 2407 0x00007fa315749510 code [0x00007fa3157497e0, 0x00007fa31574b3d8]
Event: 5.809 Thread 0x00007fa3240a3000 2408       3       com.android.dx.io.instructions.InstructionCodec$32::encode (95 bytes)

GC Heap History (5 events):
Event: 3.243 GC heap before
{Heap before GC invocations=1 (full 0):
 PSYoungGen      total 37888K, used 32768K [0x00000000eaa00000, 0x00000000ed400000, 0x0000000100000000)
  eden space 32768K, 100% used [0x00000000eaa00000,0x00000000eca00000,0x00000000eca00000)
  from space 5120K, 0% used [0x00000000ecf00000,0x00000000ecf00000,0x00000000ed400000)
  to   space 5120K, 0% used [0x00000000eca00000,0x00000000eca00000,0x00000000ecf00000)
 ParOldGen       total 83968K, used 0K [0x00000000c0000000, 0x00000000c5200000, 0x00000000eaa00000)
  object space 83968K, 0% used [0x00000000c0000000,0x00000000c0000000,0x00000000c5200000)
 Metaspace total 6842K, used 5957K, reserved 132096K
  data space     6221K, used 5379K, reserved 1024K
  class space    621K, used 578K, reserved 131072K
Event: 3.457 GC heap after
Heap after GC invocations=1 (full 0):
 PSYoungGen      total 37888K, used 5104K [0x00000000eaa00000, 0x00000000ef400000, 0x0000000100000000)
  eden space 32768K, 0% used [0x00000000eaa00000,0x00000000eaa00000,0x00000000eca00000)
  from space 5120K, 99% used [0x00000000eca00000,0x00000000ecefc0b0,0x00000000ecf00000)
  to   space 5120K, 0% used [0x00000000eef00000,0x00000000eef00000,0x00000000ef400000)
 ParOldGen       total 83968K, used 1987K [0x00000000c0000000, 0x00000000c5200000, 0x00000000eaa00000)
  object space 83968K, 2% used [0x00000000c0000000,0x00000000c01f0d58,0x00000000c5200000)
 Metaspace total 6842K, used 5957K, reserved 132096K
  data space     6221K, used 5379K, reserved 1024K
  class space    621K, used 578K, reserved 131072K
}
Event: 4.641 GC heap before
{Heap before GC invocations=2 (full 0):
 PSYoungGen      total 37888K, used 37872K [0x00000000eaa00000, 0x00000000ef400000, 0x0000000100000000)
  eden space 32768K, 100% used [0x00000000eaa00000,0x00000000eca00000,0x00000000eca00000)
  from space 5120K, 99% used [0x00000000eca00000,0x00000000ecefc0b0,0x00000000ecf00000)
  to   space 5120K, 0% used [0x00000000eef00000,0x00000000eef00000,0x00000000ef400000)
 ParOldGen       total 83968K, used 1987K [0x00000000c0000000, 0x00000000c5200000, 0x00000000eaa00000)
  object space 83968K, 2% used [0x00000000c0000000,0x00000000c01f0d58,0x00000000c5200000)
 Metaspace total 8006K, used 7848K, reserved 132096K
  data space     7185K, used 7078K, reserved 1024K
  class space    821K, used 770K, reserved 131072K
Event: 4.651 GC heap after
Heap after GC invocations=2 (full 0):
 PSYoungGen      total 70656K, used 5118K [0x00000000eaa00000, 0x00000000ef400000, 0x0000000100000000)
  eden space 65536K, 0% used [0x00000000eaa00000,0x00000000eaa00000,0x00000000eea00000)
  from space 5120K, 99% used [0x00000000eef00000,0x00000000ef3ffae8,0x00000000ef400000)
  to   space 5120K, 0% used [0x00000000eea00000,0x00000000eea00000,0x00000000eef00000)
 ParOldGen       total 83968K, used 8466K [0x00000000c0000000, 0x00000000c5200000, 0x00000000eaa00000)
  object space 83968K, 10% used [0x00000000c0000000,0x00000000c0844b48,0x00000000c5200000)
 Metaspace total 8006K, used 7848K, reserved 132096K
  data space     7185K, used 7078K, reserved 1024K
  class space    821K, used 770K, reserved 131072K
}
Event: 5.810 GC heap before
{Heap before GC invocations=3 (full 0):
 PSYoungGen      total 70656K, used 70654K [0x00000000eaa00000, 0x00000000ef400000, 0x0000000100000000)
  eden space 65536K, 100% used [0x00000000eaa00000,0x00000000eea00000,0x00000000eea00000)
  from space 5120K, 99% used [0x00000000eef00000,0x00000000ef3ffae8,0x00000000ef400000)
  to   space 5120K, 0% used [0x00000000eea00000,0x00000000eea00000,0x00000000eef00000)
 ParOldGen       total 83968K, used 8466K [0x00000000c0000000, 0x00000000c5200000, 0x00000000eaa00000)
  object space 83968K, 10% used [0x00000000c0000000,0x00000000c0844b48,0x00000000c5200000)
 Metaspace total 8070K, used 7909K, reserved 132096K
  data space     7249K, used 7138K, reserved 1024K
  class space    821K, used 770K, reserved 131072K

Deoptimization events (10 events):
Event: 4.077 Thread 0x00007fa32400b000 Uncommon trap: reason=class_check action=maybe_recompile pc=0x00007fa3155de184 method=com.android.dex.Leb128.writeUnsignedLeb128(Lcom/android/dex/util/ByteOutput;I)V @ 40
Event: 4.077 Thread 0x00007fa32400b000 Uncommon trap: reason=class_check action=maybe_recompile pc=0x00007fa3155de184 method=com.android.dex.Leb128.writeUnsignedLeb128(Lcom/android/dex/util/ByteOutput;I)V @ 40
Event: 4.140 Thread 0x00007fa32400b000 Uncommon trap: reason=predicate action=maybe_recompile pc=0x00007fa315644170 method=com.android.dex.Leb128.writeUnsignedLeb128(Lcom/android/dex/util/ByteOutput;I)V @ 9
Event: 4.315 Thread 0x00007fa32400b000 Uncommon trap: reason=class_check action=maybe_recompile pc=0x00007fa3153fe06c method=java.util.ArrayList.<init>(Ljava/util/Collection;)V @ 6
Event: 4.404 Thread 0x00007fa32400b000 Uncommon trap: reason=class_check action=maybe_recompile pc=0x00007fa3153fe06c method=java.util.ArrayList.<init>(Ljava/util/Collection;)V @ 6
Event: 4.502 Thread 0x00007fa32400b000 Uncommon trap: reason=predicate action=maybe_recompile pc=0x00007fa3151a3a90 method=com.android.dex.Leb128.readUnsignedLeb128(Lcom/android/dex/util/ByteInput;)I @ 41
Event: 4.588 Thread 0x00007fa32400b000 Uncommon trap: reason=unreached action=reinterpret pc=0x00007fa31560d8d0 method=java.util.HashMap.putVal(ILjava/lang/Object;Ljava/lang/Object;ZZ)Ljava/lang/Object; @ 120
Event: 4.627 Thread 0x00007fa32400b000 Uncommon trap: reason=unloaded action=reinterpret pc=0x00007fa3156d7c34 method=com.android.dx.merge.IndexMap$EncodedValueTransformer.transform(Lcom/android/dex/EncodedValueReader;)V @ 263
Event: 5.651 Thread 0x00007fa32400b000 Uncommon trap: reason=unreached action=reinterpret pc=0x00007fa31553a99c method=java.util.HashMap.getNode(ILjava/lang/Object;)Ljava/util/HashMap$Node; @ 84
Event: 5.653 Thread 0x00007fa32400b000 Uncommon trap: reason=unreached action=reinterpret pc=0x00007fa31554a834 method=java.util.HashMap.getNode(ILjava/lang/Object;)Ljava/util/HashMap$Node; @ 84

Internal exceptions (10 events):
Event: 4.164 Thread 0x00007fa32400b000 Exception <a 'java/security/PrivilegedActionException'> (0x00000000eb94b628) thrown at [/HUDSON/workspace/8-2-build-linux-amd64/jdk8/254/hotspot/src/share/vm/prims/jvm.cpp, line 1249]
Event: 4.167 Thread 0x00007fa32400b000 Exception <a 'java/security/PrivilegedActionException'> (0x00000000eb992a48) thrown at [/HUDSON/workspace/8-2-build-linux-amd64/jdk8/254/hotspot/src/share/vm/prims/jvm.cpp, line 1249]
Event: 4.167 Thread 0x00007fa32400b000 Exception <a 'java/security/PrivilegedActionException'> (0x00000000eb994f10) thrown at [/HUDSON/workspace/8-2-build-linux-amd64/jdk8/254/hotspot/src/share/vm/prims/jvm.cpp, line 1249]
Event: 4.313 Thread 0x00007fa32400b000 Exception <a 'java/security/PrivilegedActionException'> (0x00000000eba3fd28) thrown at [/HUDSON/workspace/8-2-build-linux-amd64/jdk8/254/hotspot/src/share/vm/prims/jvm.cpp, line 1249]
Event: 4.313 Thread 0x00007fa32400b000 Exception <a 'java/security/PrivilegedActionException'> (0x00000000eba40070) thrown at [/HUDSON/workspace/8-2-build-linux-amd64/jdk8/254/hotspot/src/share/vm/prims/jvm.cpp, line 1249]
Event: 4.313 Thread 0x00007fa32400b000 Exception <a 'java/security/PrivilegedActionException'> (0x00000000eba42720) thrown at [/HUDSON/workspace/8-2-build-linux-amd64/jdk8/254/hotspot/src/share/vm/prims/jvm.cpp, line 1249]
Event: 4.313 Thread 0x00007fa32400b000 Exception <a 'java/security/PrivilegedActionException'> (0x00000000eba42a68) thrown at [/HUDSON/workspace/8-2-build-linux-amd64/jdk8/254/hotspot/src/share/vm/prims/jvm.cpp, line 1249]
Event: 4.466 Thread 0x00007fa32400b000 Exception <a 'java/security/PrivilegedActionException'> (0x00000000eba56640) thrown at [/HUDSON/workspace/8-2-build-linux-amd64/jdk8/254/hotspot/src/share/vm/prims/jvm.cpp, line 1249]
Event: 4.466 Thread 0x00007fa32400b000 Exception <a 'java/security/PrivilegedActionException'> (0x00000000eba56f20) thrown at [/HUDSON/workspace/8-2-build-linux-amd64/jdk8/254/hotspot/src/share/vm/prims/jvm.cpp, line 1249]
Event: 5.785 Thread 0x00007fa32400b000 Exception <a 'java/security/PrivilegedActionException'> (0x00000000ee2f7ef8) thrown at [/HUDSON/workspace/8-2-build-linux-amd64/jdk8/254/hotspot/src/share/vm/prims/jvm.cpp, line 1249]

Events (10 events):
Event: 5.653 Thread 0x00007fa32400b000 DEOPT UNPACKING pc=0x00007fa315039445 sp=0x00007fa32b6da390 mode 2
Event: 5.654 Thread 0x00007fa3240a3000 flushing nmethod 0x00007fa315133e50
Event: 5.654 Thread 0x00007fa3240a3000 flushing nmethod 0x00007fa3151487d0
Event: 5.664 Thread 0x00007fa3240a3000 flushing nmethod 0x00007fa315329c10
Event: 5.672 Thread 0x00007fa3240a3000 flushing nmethod 0x00007fa315543550
Event: 5.676 Thread 0x00007fa3240a3000 flushing nmethod 0x00007fa31554c650
Event: 5.677 Thread 0x00007fa3240a3000 flushing nmethod 0x00007fa315605e50
Event: 5.785 loading class com/android/dex/Dex$1
Event: 5.785 loading class com/android/dex/Dex$1 done
Event: 5.810 Executing VM operation: ParallelGCFailedAllocation


Dynamic libraries:
00400000-00401000 r-xp 00000000 08:05 1319740                            /usr/lib/jvm/java-8-oracle/bin/java
00600000-00601000 rw-p 00000000 08:05 1319740                            /usr/lib/jvm/java-8-oracle/bin/java
01f9f000-01fc0000 rw-p 00000000 00:00 0                                  [heap]
c0000000-c5200000 rw-p 00000000 00:00 0 
c5200000-eaa00000 ---p 00000000 00:00 0 
eaa00000-ef400000 rw-p 00000000 00:00 0 
f3400000-100000000 ---p 00000000 00:00 0 
800000000-800200000 rw-p 00000000 00:00 0 
800200000-840000000 ---p 00000000 00:00 0 
7fa2d8000000-7fa2d8021000 rw-p 00000000 00:00 0 
7fa2d8021000-7fa2dc000000 ---p 00000000 00:00 0 
7fa2dfe5a000-7fa2dfeff000 r--s 010b0000 08:05 1318960                    /usr/lib/jvm/java-8-oracle/jre/lib/ext/jfxrt.jar
7fa2dfeff000-7fa2dff00000 ---p 00000000 00:00 0 
7fa2dff00000-7fa2e0000000 rw-p 00000000 00:00 0                          [stack:12063]
7fa2e0000000-7fa2e075c000 rw-p 00000000 00:00 0 
7fa2e075c000-7fa2e4000000 ---p 00000000 00:00 0 
7fa2e4000000-7fa2e4021000 rw-p 00000000 00:00 0 
7fa2e4021000-7fa2e8000000 ---p 00000000 00:00 0 
7fa2e8000000-7fa2e853c000 rw-p 00000000 00:00 0 
7fa2e853c000-7fa2ec000000 ---p 00000000 00:00 0 
7fa2ec000000-7fa2ec85a000 rw-p 00000000 00:00 0 
7fa2ec85a000-7fa2f0000000 ---p 00000000 00:00 0 
7fa2f0000000-7fa2f0021000 rw-p 00000000 00:00 0 
7fa2f0021000-7fa2f4000000 ---p 00000000 00:00 0 
7fa2f4000000-7fa2f4021000 rw-p 00000000 00:00 0 
7fa2f4021000-7fa2f8000000 ---p 00000000 00:00 0 
7fa2f8000000-7fa2f825f000 rw-p 00000000 00:00 0 
7fa2f825f000-7fa2fc000000 ---p 00000000 00:00 0 
7fa2fc000000-7fa2fc021000 rw-p 00000000 00:00 0 
7fa2fc021000-7fa300000000 ---p 00000000 00:00 0 
7fa300000000-7fa300021000 rw-p 00000000 00:00 0 
7fa300021000-7fa304000000 ---p 00000000 00:00 0 
7fa304000000-7fa304021000 rw-p 00000000 00:00 0 
7fa304021000-7fa308000000 ---p 00000000 00:00 0 
7fa308000000-7fa308021000 rw-p 00000000 00:00 0 
7fa308021000-7fa30c000000 ---p 00000000 00:00 0 
7fa30c08b000-7fa30c08e000 ---p 00000000 00:00 0 
7fa30c08e000-7fa30c18c000 rw-p 00000000 00:00 0                          [stack:12062]
7fa30c18c000-7fa30c18f000 ---p 00000000 00:00 0 
7fa30c18f000-7fa30c28d000 rw-p 00000000 00:00 0                          [stack:12061]
7fa30c28d000-7fa30c290000 ---p 00000000 00:00 0 
7fa30c290000-7fa30c38e000 rw-p 00000000 00:00 0                          [stack:12060]
7fa30c38e000-7fa30c391000 ---p 00000000 00:00 0 
7fa30c391000-7fa30c48f000 rw-p 00000000 00:00 0                          [stack:12059]
7fa30c48f000-7fa30c492000 ---p 00000000 00:00 0 
7fa30c492000-7fa30c590000 rw-p 00000000 00:00 0                          [stack:12058]
7fa30c590000-7fa30cdee000 r--p 00000000 08:05 1312756                    /usr/lib/locale/locale-archive
7fa30cdee000-7fa30cdf1000 ---p 00000000 00:00 0 
7fa30cdf1000-7fa30ceef000 rw-p 00000000 00:00 0                          [stack:12057]
7fa30ceef000-7fa30cef2000 ---p 00000000 00:00 0 
7fa30cef2000-7fa30cff0000 rw-p 00000000 00:00 0                          [stack:12056]
7fa30cff0000-7fa30cff1000 ---p 00000000 00:00 0 
7fa30cff1000-7fa30e000000 rw-p 00000000 00:00 0                          [stack:12055]
7fa30e000000-7fa310000000 rw-p 00000000 00:00 0 
7fa310000000-7fa310021000 rw-p 00000000 00:00 0 
7fa310021000-7fa314000000 ---p 00000000 00:00 0 
7fa314013000-7fa31402f000 r--s 00393000 08:05 1318959                    /usr/lib/jvm/java-8-oracle/jre/lib/ext/cldrdata.jar
7fa31402f000-7fa314200000 r--s 03c3d000 08:05 1318922                    /usr/lib/jvm/java-8-oracle/jre/lib/rt.jar
7fa314200000-7fa314c00000 rw-p 00000000 00:00 0 
7fa314c03000-7fa314cfd000 rw-p 00000000 00:00 0 
7fa314cfd000-7fa314cfe000 ---p 00000000 00:00 0 
7fa314cfe000-7fa314dfe000 rw-p 00000000 00:00 0                          [stack:12054]
7fa314dfe000-7fa314dff000 ---p 00000000 00:00 0 
7fa314dff000-7fa314eff000 rw-p 00000000 00:00 0                          [stack:12053]
7fa314eff000-7fa314f00000 ---p 00000000 00:00 0 
7fa314f00000-7fa315000000 rw-p 00000000 00:00 0                          [stack:12052]
7fa315000000-7fa315800000 rwxp 00000000 00:00 0 
7fa315800000-7fa324000000 ---p 00000000 00:00 0 
7fa324000000-7fa32437d000 rw-p 00000000 00:00 0 
7fa32437d000-7fa328000000 ---p 00000000 00:00 0 
7fa328007000-7fa328011000 r--s 00209000 08:05 1318958                    /usr/lib/jvm/java-8-oracle/jre/lib/ext/localedata.jar
7fa328011000-7fa328020000 r--s 000dd000 08:05 423487                     /home/jasper/Android/Sdk/build-tools/21.1.2/lib/dx.jar
7fa328020000-7fa328041000 rw-p 00000000 00:00 0 
7fa328041000-7fa328042000 ---p 00000000 00:00 0 
7fa328042000-7fa32816b000 rw-p 00000000 00:00 0                          [stack:12051]
7fa32816b000-7fa328297000 ---p 00000000 00:00 0 
7fa328297000-7fa3282c0000 rw-p 00000000 00:00 0 
7fa3282c0000-7fa3283ec000 ---p 00000000 00:00 0 
7fa3283ec000-7fa328411000 rw-p 00000000 00:00 0 
7fa328411000-7fa328497000 ---p 00000000 00:00 0 
7fa328497000-7fa3284b6000 rw-p 00000000 00:00 0 
7fa3284b6000-7fa328858000 ---p 00000000 00:00 0 
7fa328858000-7fa328874000 r-xp 00000000 08:05 1318916                    /usr/lib/jvm/java-8-oracle/jre/lib/amd64/libzip.so
7fa328874000-7fa328a73000 ---p 0001c000 08:05 1318916                    /usr/lib/jvm/java-8-oracle/jre/lib/amd64/libzip.so
7fa328a73000-7fa328a74000 rw-p 0001b000 08:05 1318916                    /usr/lib/jvm/java-8-oracle/jre/lib/amd64/libzip.so
7fa328a74000-7fa328a7f000 r-xp 00000000 08:05 1181596                    /lib/x86_64-linux-gnu/libnss_files-2.19.so
7fa328a7f000-7fa328c7e000 ---p 0000b000 08:05 1181596                    /lib/x86_64-linux-gnu/libnss_files-2.19.so
7fa328c7e000-7fa328c7f000 r--p 0000a000 08:05 1181596                    /lib/x86_64-linux-gnu/libnss_files-2.19.so
7fa328c7f000-7fa328c80000 rw-p 0000b000 08:05 1181596                    /lib/x86_64-linux-gnu/libnss_files-2.19.so
7fa328c80000-7fa328c8b000 r-xp 00000000 08:05 1181588                    /lib/x86_64-linux-gnu/libnss_nis-2.19.so
7fa328c8b000-7fa328e8a000 ---p 0000b000 08:05 1181588                    /lib/x86_64-linux-gnu/libnss_nis-2.19.so
7fa328e8a000-7fa328e8b000 r--p 0000a000 08:05 1181588                    /lib/x86_64-linux-gnu/libnss_nis-2.19.so
7fa328e8b000-7fa328e8c000 rw-p 0000b000 08:05 1181588                    /lib/x86_64-linux-gnu/libnss_nis-2.19.so
7fa328e8c000-7fa328ea3000 r-xp 00000000 08:05 1181556                    /lib/x86_64-linux-gnu/libnsl-2.19.so
7fa328ea3000-7fa3290a2000 ---p 00017000 08:05 1181556                    /lib/x86_64-linux-gnu/libnsl-2.19.so
7fa3290a2000-7fa3290a3000 r--p 00016000 08:05 1181556                    /lib/x86_64-linux-gnu/libnsl-2.19.so
7fa3290a3000-7fa3290a4000 rw-p 00017000 08:05 1181556                    /lib/x86_64-linux-gnu/libnsl-2.19.so
7fa3290a4000-7fa3290a6000 rw-p 00000000 00:00 0 
7fa3290a6000-7fa3290af000 r-xp 00000000 08:05 1178574                    /lib/x86_64-linux-gnu/libnss_compat-2.19.so
7fa3290af000-7fa3292ae000 ---p 00009000 08:05 1178574                    /lib/x86_64-linux-gnu/libnss_compat-2.19.so
7fa3292ae000-7fa3292af000 r--p 00008000 08:05 1178574                    /lib/x86_64-linux-gnu/libnss_compat-2.19.so
7fa3292af000-7fa3292b0000 rw-p 00009000 08:05 1178574                    /lib/x86_64-linux-gnu/libnss_compat-2.19.so
7fa3292b0000-7fa3292da000 r-xp 00000000 08:05 1318889                    /usr/lib/jvm/java-8-oracle/jre/lib/amd64/libjava.so
7fa3292da000-7fa3294da000 ---p 0002a000 08:05 1318889                    /usr/lib/jvm/java-8-oracle/jre/lib/amd64/libjava.so
7fa3294da000-7fa3294dc000 rw-p 0002a000 08:05 1318889                    /usr/lib/jvm/java-8-oracle/jre/lib/amd64/libjava.so
7fa3294dc000-7fa3294e9000 r-xp 00000000 08:05 1318868                    /usr/lib/jvm/java-8-oracle/jre/lib/amd64/libverify.so
7fa3294e9000-7fa3296e9000 ---p 0000d000 08:05 1318868                    /usr/lib/jvm/java-8-oracle/jre/lib/amd64/libverify.so
7fa3296e9000-7fa3296eb000 rw-p 0000d000 08:05 1318868                    /usr/lib/jvm/java-8-oracle/jre/lib/amd64/libverify.so
7fa3296eb000-7fa3296f2000 r-xp 00000000 08:05 1178566                    /lib/x86_64-linux-gnu/librt-2.19.so
7fa3296f2000-7fa3298f1000 ---p 00007000 08:05 1178566                    /lib/x86_64-linux-gnu/librt-2.19.so
7fa3298f1000-7fa3298f2000 r--p 00006000 08:05 1178566                    /lib/x86_64-linux-gnu/librt-2.19.so
7fa3298f2000-7fa3298f3000 rw-p 00007000 08:05 1178566                    /lib/x86_64-linux-gnu/librt-2.19.so
7fa3298f3000-7fa3299f8000 r-xp 00000000 08:05 1178578                    /lib/x86_64-linux-gnu/libm-2.19.so
7fa3299f8000-7fa329bf7000 ---p 00105000 08:05 1178578                    /lib/x86_64-linux-gnu/libm-2.19.so
7fa329bf7000-7fa329bf8000 r--p 00104000 08:05 1178578                    /lib/x86_64-linux-gnu/libm-2.19.so
7fa329bf8000-7fa329bf9000 rw-p 00105000 08:05 1178578                    /lib/x86_64-linux-gnu/libm-2.19.so
7fa329bf9000-7fa32a7e1000 r-xp 00000000 08:05 1318865                    /usr/lib/jvm/java-8-oracle/jre/lib/amd64/server/libjvm.so
7fa32a7e1000-7fa32a9e0000 ---p 00be8000 08:05 1318865                    /usr/lib/jvm/java-8-oracle/jre/lib/amd64/server/libjvm.so
7fa32a9e0000-7fa32aaa2000 rw-p 00be7000 08:05 1318865                    /usr/lib/jvm/java-8-oracle/jre/lib/amd64/server/libjvm.so
7fa32aaa2000-7fa32aae3000 rw-p 00000000 00:00 0 
7fa32aae3000-7fa32ac9e000 r-xp 00000000 08:05 1178565                    /lib/x86_64-linux-gnu/libc-2.19.so
7fa32ac9e000-7fa32ae9e000 ---p 001bb000 08:05 1178565                    /lib/x86_64-linux-gnu/libc-2.19.so
7fa32ae9e000-7fa32aea2000 r--p 001bb000 08:05 1178565                    /lib/x86_64-linux-gnu/libc-2.19.so
7fa32aea2000-7fa32aea4000 rw-p 001bf000 08:05 1178565                    /lib/x86_64-linux-gnu/libc-2.19.so
7fa32aea4000-7fa32aea9000 rw-p 00000000 00:00 0 
7fa32aea9000-7fa32aeac000 r-xp 00000000 08:05 1178570                    /lib/x86_64-linux-gnu/libdl-2.19.so
7fa32aeac000-7fa32b0ab000 ---p 00003000 08:05 1178570                    /lib/x86_64-linux-gnu/libdl-2.19.so
7fa32b0ab000-7fa32b0ac000 r--p 00002000 08:05 1178570                    /lib/x86_64-linux-gnu/libdl-2.19.so
7fa32b0ac000-7fa32b0ad000 rw-p 00003000 08:05 1178570                    /lib/x86_64-linux-gnu/libdl-2.19.so
7fa32b0ad000-7fa32b0c4000 r-xp 00000000 08:05 1318908                    /usr/lib/jvm/java-8-oracle/jre/lib/amd64/jli/libjli.so
7fa32b0c4000-7fa32b2c3000 ---p 00017000 08:05 1318908                    /usr/lib/jvm/java-8-oracle/jre/lib/amd64/jli/libjli.so
7fa32b2c3000-7fa32b2c4000 rw-p 00016000 08:05 1318908                    /usr/lib/jvm/java-8-oracle/jre/lib/amd64/jli/libjli.so
7fa32b2c4000-7fa32b2dd000 r-xp 00000000 08:05 1181595                    /lib/x86_64-linux-gnu/libpthread-2.19.so
7fa32b2dd000-7fa32b4dc000 ---p 00019000 08:05 1181595                    /lib/x86_64-linux-gnu/libpthread-2.19.so
7fa32b4dc000-7fa32b4dd000 r--p 00018000 08:05 1181595                    /lib/x86_64-linux-gnu/libpthread-2.19.so
7fa32b4dd000-7fa32b4de000 rw-p 00019000 08:05 1181595                    /lib/x86_64-linux-gnu/libpthread-2.19.so
7fa32b4de000-7fa32b4e2000 rw-p 00000000 00:00 0 
7fa32b4e2000-7fa32b505000 r-xp 00000000 08:05 1178562                    /lib/x86_64-linux-gnu/ld-2.19.so
7fa32b505000-7fa32b50a000 r--s 00093000 08:05 1318965                    /usr/lib/jvm/java-8-oracle/jre/lib/jsse.jar
7fa32b50a000-7fa32b5db000 rw-p 00000000 00:00 0 
7fa32b5db000-7fa32b5de000 ---p 00000000 00:00 0 
7fa32b5de000-7fa32b6e0000 rw-p 00000000 00:00 0                          [stack:12050]
7fa32b6e2000-7fa32b6e3000 rw-p 00000000 00:00 0 
7fa32b6e3000-7fa32b6e4000 r--p 00000000 08:05 1713323                    /usr/share/locale-langpack/en_GB/LC_MESSAGES/libc.mo
7fa32b6e4000-7fa32b6f8000 rw-p 00000000 00:00 0 
7fa32b6f8000-7fa32b700000 rw-s 00000000 08:05 539636                     /tmp/hsperfdata_jasper/12045
7fa32b700000-7fa32b701000 rw-p 00000000 00:00 0 
7fa32b701000-7fa32b702000 ---p 00000000 00:00 0 
7fa32b702000-7fa32b704000 rw-p 00000000 00:00 0 
7fa32b704000-7fa32b705000 r--p 00022000 08:05 1178562                    /lib/x86_64-linux-gnu/ld-2.19.so
7fa32b705000-7fa32b706000 rw-p 00023000 08:05 1178562                    /lib/x86_64-linux-gnu/ld-2.19.so
7fa32b706000-7fa32b707000 rw-p 00000000 00:00 0 
7fff9162c000-7fff9164e000 rw-p 00000000 00:00 0                          [stack]
7fff917b6000-7fff917b8000 r-xp 00000000 00:00 0                          [vdso]
ffffffffff600000-ffffffffff601000 r-xp 00000000 00:00 0                  [vsyscall]

VM Arguments:
jvm_args: -Xmx1024M -Dfile.encoding=UTF-8 -Duser.country=GB -Duser.language=en -Duser.variant 
java_command: com.android.dx.command.Main --dex --output /home/jasper/Documents/Ugent/itech-practicum2/app/build/intermediates/dex/debug /home/jasper/Documents/Ugent/itech-practicum2/app/build/intermediates/classes/debug /home/jasper/Documents/Ugent/itech-practicum2/app/build/intermediates/pre-dexed/debug/support-annotations-22.0.0-57bb36ba03b2cd06fdd915253cad48c5536b5e1a.jar /home/jasper/Documents/Ugent/itech-practicum2/app/build/intermediates/pre-dexed/debug/gravatar-android-1.0-2450fe3ab71a6086fd32c5ab4cbf5c470dd42d04.jar /home/jasper/Documents/Ugent/itech-practicum2/app/build/intermediates/pre-dexed/debug/classes-2e26e2104741dfb943ea3dbe99eb018139f244c6.jar /home/jasper/Documents/Ugent/itech-practicum2/app/build/intermediates/pre-dexed/debug/classes-4fb419e51004366d1288360c99a80f395b4d4fba.jar /home/jasper/Documents/Ugent/itech-practicum2/app/build/intermediates/pre-dexed/debug/parceler-api-0.2.16-8fbb55624dec3bcb9dc371f53a309f81f130af2a.jar /home/jasper/Documents/Ugent/itech-practicum2/app/build/intermediates/pre-dexed/debug/picasso-2.5.2-6d96bfcc10076d71571bc712390f15d0ca84b1bd.jar /home/jasper/Documents/Ugent/itech-practicum2/app/build/intermediates/pre-dexed/debug/internal_impl-22.0.0-2aeedfa977138955e36d0c76205606b4ef25d754.jar /home/jasper/Documents/Ugent/itech-practicum2/app/build/intermediates/pre-dexed/debug/classes-98cbfd1a92ee5ce4e9d09095d1815972af5ffcdd.jar /home/jasper/Documents/Ugent/itech-practicum2/app/build/intermediates/pre-dexed/debug/classes-c648fbdb94f9c8d46cc3405106f9758865dab04d.jar /home/jasper/Documents/Ugent/itech-practicum2/app/build/intermediates/pre-dexed/debug/classes-e9b563027a6f5e00256f955616b5e2c3e6b6c279.jar
java_class_path (initial): /home/jasper/Android/Sdk/build-tools/21.1.2/lib/dx.jar
Launcher Type: SUN_STANDARD

Environment Variables:
JAVA_HOME=/usr/lib/jvm/java-7-openjdk-amd64/jre/bin/java
CLASSPATH=/opt/AndroidStudio/android-studio/bin/../lib/bootstrap.jar:/opt/AndroidStudio/android-studio/bin/../lib/extensions.jar:/opt/AndroidStudio/android-studio/bin/../lib/util.jar:/opt/AndroidStudio/android-studio/bin/../lib/jdom.jar:/opt/AndroidStudio/android-studio/bin/../lib/log4j.jar:/opt/AndroidStudio/android-studio/bin/../lib/trove4j.jar:/opt/AndroidStudio/android-studio/bin/../lib/jna.jar:/usr/lib/jvm/java-8-oracle/lib/tools.jar
PATH=/usr/local/sbin:/usr/local/bin:/usr/sbin:/usr/bin:/sbin:/bin:/usr/games:/usr/local/games:/home/jasper/.rvm/bin
LD_LIBRARY_PATH=/opt/AndroidStudio/android-studio/bin:
SHELL=/bin/bash
DISPLAY=:0

Signal Handlers:
SIGSEGV: [libjvm.so+0xa07d70], sa_mask[0]=0x7ffbfeff, sa_flags=0x10000004
SIGBUS: [libjvm.so+0xa07d70], sa_mask[0]=0x7ffbfeff, sa_flags=0x10000004
SIGFPE: [libjvm.so+0x876190], sa_mask[0]=0x7ffbfeff, sa_flags=0x10000004
SIGPIPE: [libjvm.so+0x876190], sa_mask[0]=0x7ffbfeff, sa_flags=0x10000004
SIGXFSZ: [libjvm.so+0x876190], sa_mask[0]=0x7ffbfeff, sa_flags=0x10000004
SIGILL: [libjvm.so+0x876190], sa_mask[0]=0x7ffbfeff, sa_flags=0x10000004
SIGUSR1: SIG_DFL, sa_mask[0]=0x00000000, sa_flags=0x00000000
SIGUSR2: [libjvm.so+0x8779b0], sa_mask[0]=0x00000004, sa_flags=0x10000004
SIGHUP: [libjvm.so+0x878c20], sa_mask[0]=0x7ffbfeff, sa_flags=0x10000004
SIGINT: [libjvm.so+0x878c20], sa_mask[0]=0x7ffbfeff, sa_flags=0x10000004
SIGTERM: [libjvm.so+0x878c20], sa_mask[0]=0x7ffbfeff, sa_flags=0x10000004
SIGQUIT: [libjvm.so+0x878c20], sa_mask[0]=0x7ffbfeff, sa_flags=0x10000004


---------------  S Y S T E M  ---------------

OS:jessie/sid

uname:Linux 3.13.0-45-generic #74-Ubuntu SMP Tue Jan 13 19:36:28 UTC 2015 x86_64
libc:glibc 2.19 NPTL 2.19 
rlimit: STACK 8192k, CORE 0k, NPROC 62930, NOFILE 4096, AS infinity
load average:13.93 4.33 2.35

/proc/meminfo:
MemTotal:        8076732 kB
MemFree:          123500 kB
Buffers:             164 kB
Cached:          2797696 kB
SwapCached:            0 kB
Active:          4928844 kB
Inactive:        2782784 kB
Active(anon):    4927100 kB
Inactive(anon):  2766880 kB
Active(file):       1744 kB
Inactive(file):    15904 kB
Unevictable:          32 kB
Mlocked:              32 kB
SwapTotal:             0 kB
SwapFree:              0 kB
Dirty:                 8 kB
Writeback:             0 kB
AnonPages:       4914308 kB
Mapped:           688168 kB
Shmem:           2779704 kB
Slab:              90264 kB
SReclaimable:      40368 kB
SUnreclaim:        49896 kB
KernelStack:        5056 kB
PageTables:        43436 kB
NFS_Unstable:          0 kB
Bounce:                0 kB
WritebackTmp:          0 kB
CommitLimit:     4038364 kB
Committed_AS:   12453884 kB
VmallocTotal:   34359738367 kB
VmallocUsed:      566448 kB
VmallocChunk:   34359128564 kB
HardwareCorrupted:     0 kB
AnonHugePages:   1918976 kB
HugePages_Total:       0
HugePages_Free:        0
HugePages_Rsvd:        0
HugePages_Surp:        0
Hugepagesize:       2048 kB
DirectMap4k:       84732 kB
DirectMap2M:     8204288 kB


CPU:total 4 (2 cores per cpu, 2 threads per core) family 6 model 58 stepping 9, cmov, cx8, fxsr, mmx, sse, sse2, sse3, ssse3, sse4.1, sse4.2, popcnt, avx, aes, clmul, erms, ht, tsc, tscinvbit

/proc/cpuinfo:
processor	: 0
vendor_id	: GenuineIntel
cpu family	: 6
model		: 58
model name	: Intel(R) Core(TM) i5-3210M CPU @ 2.50GHz
stepping	: 9
microcode	: 0x12
cpu MHz		: 1200.000
cache size	: 3072 KB
physical id	: 0
siblings	: 4
core id		: 0
cpu cores	: 2
apicid		: 0
initial apicid	: 0
fpu		: yes
fpu_exception	: yes
cpuid level	: 13
wp		: yes
flags		: fpu vme de pse tsc msr pae mce cx8 apic sep mtrr pge mca cmov pat pse36 clflush dts acpi mmx fxsr sse sse2 ss ht tm pbe syscall nx rdtscp lm constant_tsc arch_perfmon pebs bts rep_good nopl xtopology nonstop_tsc aperfmperf eagerfpu pni pclmulqdq dtes64 monitor ds_cpl vmx est tm2 ssse3 cx16 xtpr pdcm pcid sse4_1 sse4_2 x2apic popcnt tsc_deadline_timer aes xsave avx f16c rdrand lahf_lm ida arat epb xsaveopt pln pts dtherm tpr_shadow vnmi flexpriority ept vpid fsgsbase smep erms
bogomips	: 4988.38
clflush size	: 64
cache_alignment	: 64
address sizes	: 36 bits physical, 48 bits virtual
power management:

processor	: 1
vendor_id	: GenuineIntel
cpu family	: 6
model		: 58
model name	: Intel(R) Core(TM) i5-3210M CPU @ 2.50GHz
stepping	: 9
microcode	: 0x12
cpu MHz		: 2501.000
cache size	: 3072 KB
physical id	: 0
siblings	: 4
core id		: 0
cpu cores	: 2
apicid		: 1
initial apicid	: 1
fpu		: yes
fpu_exception	: yes
cpuid level	: 13
wp		: yes
flags		: fpu vme de pse tsc msr pae mce cx8 apic sep mtrr pge mca cmov pat pse36 clflush dts acpi mmx fxsr sse sse2 ss ht tm pbe syscall nx rdtscp lm constant_tsc arch_perfmon pebs bts rep_good nopl xtopology nonstop_tsc aperfmperf eagerfpu pni pclmulqdq dtes64 monitor ds_cpl vmx est tm2 ssse3 cx16 xtpr pdcm pcid sse4_1 sse4_2 x2apic popcnt tsc_deadline_timer aes xsave avx f16c rdrand lahf_lm ida arat epb xsaveopt pln pts dtherm tpr_shadow vnmi flexpriority ept vpid fsgsbase smep erms
bogomips	: 4988.38
clflush size	: 64
cache_alignment	: 64
address sizes	: 36 bits physical, 48 bits virtual
power management:

processor	: 2
vendor_id	: GenuineIntel
cpu family	: 6
model		: 58
model name	: Intel(R) Core(TM) i5-3210M CPU @ 2.50GHz
stepping	: 9
microcode	: 0x12
cpu MHz		: 2501.000
cache size	: 3072 KB
physical id	: 0
siblings	: 4
core id		: 1
cpu cores	: 2
apicid		: 2
initial apicid	: 2
fpu		: yes
fpu_exception	: yes
cpuid level	: 13
wp		: yes
flags		: fpu vme de pse tsc msr pae mce cx8 apic sep mtrr pge mca cmov pat pse36 clflush dts acpi mmx fxsr sse sse2 ss ht tm pbe syscall nx rdtscp lm constant_tsc arch_perfmon pebs bts rep_good nopl xtopology nonstop_tsc aperfmperf eagerfpu pni pclmulqdq dtes64 monitor ds_cpl vmx est tm2 ssse3 cx16 xtpr pdcm pcid sse4_1 sse4_2 x2apic popcnt tsc_deadline_timer aes xsave avx f16c rdrand lahf_lm ida arat epb xsaveopt pln pts dtherm tpr_shadow vnmi flexpriority ept vpid fsgsbase smep erms
bogomips	: 4988.38
clflush size	: 64
cache_alignment	: 64
address sizes	: 36 bits physical, 48 bits virtual
power management:

processor	: 3
vendor_id	: GenuineIntel
cpu family	: 6
model		: 58
model name	: Intel(R) Core(TM) i5-3210M CPU @ 2.50GHz
stepping	: 9
microcode	: 0x12
cpu MHz		: 2501.000
cache size	: 3072 KB
physical id	: 0
siblings	: 4
core id		: 1
cpu cores	: 2
apicid		: 3
initial apicid	: 3
fpu		: yes
fpu_exception	: yes
cpuid level	: 13
wp		: yes
flags		: fpu vme de pse tsc msr pae mce cx8 apic sep mtrr pge mca cmov pat pse36 clflush dts acpi mmx fxsr sse sse2 ss ht tm pbe syscall nx rdtscp lm constant_tsc arch_perfmon pebs bts rep_good nopl xtopology nonstop_tsc aperfmperf eagerfpu pni pclmulqdq dtes64 monitor ds_cpl vmx est tm2 ssse3 cx16 xtpr pdcm pcid sse4_1 sse4_2 x2apic popcnt tsc_deadline_timer aes xsave avx f16c rdrand lahf_lm ida arat epb xsaveopt pln pts dtherm tpr_shadow vnmi flexpriority ept vpid fsgsbase smep erms
bogomips	: 4988.38
clflush size	: 64
cache_alignment	: 64
address sizes	: 36 bits physical, 48 bits virtual
power management:



Memory: 4k page, physical 8076732k(124780k free), swap 0k(0k free)

vm_info: Java HotSpot(TM) 64-Bit Server VM (25.0-b50) for linux-amd64 JRE (1.8.0-ea-b108), built on Sep 19 2013 00:54:50 by "java_re" with gcc 4.3.0 20080428 (Red Hat 4.3.0-8)

time: Sun Mar 29 18:57:40 2015
elapsed time: 62 seconds

